<?xml version="1.0" encoding="UTF-8"?>
<!-- Generated by org.testng.reporters.JUnitReportReporter -->
<testsuite hostname="Neel" name="GetRequest.GetData" tests="1" failures="0" timestamp="11 Jun 2020 09:23:53 GMT" time="8.555" errors="0">
  <testcase name="testResponceCode" time="8.555" classname="GetRequest.GetData"/>
</testsuite> <!-- GetRequest.GetData -->
