<?xml version="1.0" encoding="UTF-8"?>
<!-- Generated by org.testng.reporters.JUnitReportReporter -->
<testsuite hostname="Neel" name="GetRequest.GetData" tests="1" failures="0" timestamp="1 Jun 2020 11:12:04 GMT" time="4.612" errors="0">
  <testcase name="testResponceCode" time="4.612" classname="GetRequest.GetData"/>
</testsuite> <!-- GetRequest.GetData -->
